mode: set
github.com/parinay/golang/learning/TDD/size/Size/size.go:3.25,4.9 1 1
github.com/parinay/golang/learning/TDD/size/Size/size.go:17.2,17.19 1 1
github.com/parinay/golang/learning/TDD/size/Size/size.go:5.13,6.20 1 1
github.com/parinay/golang/learning/TDD/size/Size/size.go:7.14,8.16 1 1
github.com/parinay/golang/learning/TDD/size/Size/size.go:9.14,10.17 1 1
github.com/parinay/golang/learning/TDD/size/Size/size.go:11.15,12.15 1 1
github.com/parinay/golang/learning/TDD/size/Size/size.go:13.16,14.16 1 1
